Build started 1/6/2016 6:05:58 PM.
     1>Project "C:\Users\hyh\Documents\GitHub\cc150\cc150\cc150.vcxproj" on node 2 (Build target(s)).
     1>ClCompile:
         D:\Program Files\vs\VC\bin\CL.exe /c /ZI /nologo /W3 /WX- /sdl /Od /Oy- /D WIN32 /D _DEBUG /D _CONSOLE /D _UNICODE /D UNICODE /Gm /EHsc /RTC1 /MDd /GS /fp:precise /Zc:wchar_t /Zc:forScope /Zc:inline /Fo"Debug\\" /Fd"Debug\vc140.pdb" /Gd /TP /analyze- /errorReport:prompt Source.cpp
         Source.cpp
     1>c:\users\hyh\documents\github\cc150\cc150\source.cpp(37): warning C4305: 'return': truncation from 'int' to 'bool'
     1>c:\users\hyh\documents\github\cc150\cc150\source.cpp(39): warning C4018: '<': signed/unsigned mismatch
     1>c:\users\hyh\documents\github\cc150\cc150\source.cpp(56): warning C4101: 'tmp': unreferenced local variable
     1>c:\users\hyh\documents\github\cc150\cc150\source.cpp(102): warning C4018: '<': signed/unsigned mismatch
     1>c:\users\hyh\documents\github\cc150\cc150\source.cpp(106): warning C4018: '<': signed/unsigned mismatch
     1>c:\users\hyh\documents\github\cc150\cc150\source.cpp(173): warning C4018: '>=': signed/unsigned mismatch
     1>c:\users\hyh\documents\github\cc150\cc150\source.cpp(179): warning C4018: '<': signed/unsigned mismatch
     1>c:\users\hyh\documents\github\cc150\cc150\source.cpp(205): warning C4018: '<': signed/unsigned mismatch
     1>c:\users\hyh\documents\github\cc150\cc150\source.cpp(251): warning C4018: '<': signed/unsigned mismatch
     1>c:\users\hyh\documents\github\cc150\cc150\source.cpp(252): warning C4018: '<': signed/unsigned mismatch
     1>c:\users\hyh\documents\github\cc150\cc150\source.cpp(264): warning C4018: '<': signed/unsigned mismatch
     1>c:\users\hyh\documents\github\cc150\cc150\source.cpp(269): warning C4018: '<': signed/unsigned mismatch
     1>c:\users\hyh\documents\github\cc150\cc150\source.cpp(274): warning C4018: '<': signed/unsigned mismatch
     1>c:\users\hyh\documents\github\cc150\cc150\source.cpp(275): warning C4018: '<': signed/unsigned mismatch
     1>c:\users\hyh\documents\github\cc150\cc150\source.cpp(283): warning C4018: '<': signed/unsigned mismatch
     1>c:\users\hyh\documents\github\cc150\cc150\source.cpp(288): warning C4018: '<': signed/unsigned mismatch
     1>c:\users\hyh\documents\github\cc150\cc150\source.cpp(302): warning C4018: '<': signed/unsigned mismatch
     1>c:\users\hyh\documents\github\cc150\cc150\source.cpp(308): warning C4018: '<': signed/unsigned mismatch
     1>c:\users\hyh\documents\github\cc150\cc150\source.cpp(338): warning C4018: '<': signed/unsigned mismatch
     1>c:\users\hyh\documents\github\cc150\cc150\source.cpp(22): warning C4018: '<': signed/unsigned mismatch
         c:\users\hyh\documents\github\cc150\cc150\source.cpp(316): note: see reference to function template instantiation 'void printMatrix<int>(const std::vector<std::vector<int,std::allocator<_Ty>>,std::allocator<std::vector<_Ty,std::allocator<_Ty>>>> &)' being compiled
                 with
                 [
                     _Ty=int
                 ]
     1>c:\users\hyh\documents\github\cc150\cc150\source.cpp(23): warning C4018: '<': signed/unsigned mismatch
       Link:
         D:\Program Files\vs\VC\bin\link.exe /ERRORREPORT:PROMPT /OUT:"C:\Users\hyh\Documents\GitHub\cc150\Debug\cc150.exe" /INCREMENTAL /NOLOGO kernel32.lib user32.lib gdi32.lib winspool.lib comdlg32.lib advapi32.lib shell32.lib ole32.lib oleaut32.lib uuid.lib odbc32.lib odbccp32.lib /MANIFEST /MANIFESTUAC:"level='asInvoker' uiAccess='false'" /manifest:embed /Debug /PDB:"C:\Users\hyh\Documents\GitHub\cc150\Debug\cc150.pdb" /SUBSYSTEM:CONSOLE /TLBID:1 /DYNAMICBASE /NXCOMPAT /IMPLIB:"C:\Users\hyh\Documents\GitHub\cc150\Debug\cc150.lib" /MACHINE:X86 Debug\Source.obj
         cc150.vcxproj -> C:\Users\hyh\Documents\GitHub\cc150\Debug\cc150.exe
     1>Done Building Project "C:\Users\hyh\Documents\GitHub\cc150\cc150\cc150.vcxproj" (Build target(s)).

Build succeeded.

Time Elapsed 00:00:02.12
